<?xml version="1.0" encoding="UTF-8"?>
<!-- Generated by org.testng.reporters.JUnitReportReporter -->
<testsuite hostname="LAPTOP-S5SENGKB" failures="0" tests="1" name="TestScripts.TC_03Contact11" time="117.387" errors="0" timestamp="2021-10-08T10:53:31 IST" skipped="0">
  <testcase classname="TestScripts.TC_03Contact11" name="createContact11" time="117.387"/>
  <system-out/>
</testsuite> <!-- TestScripts.TC_03Contact11 -->
