<?xml version="1.0" encoding="UTF-8"?>
<!-- Generated by org.testng.reporters.JUnitReportReporter -->
<testsuite hostname="LAPTOP-S5SENGKB" failures="0" tests="1" name="TestScripts.TC_NewCreateContact" time="61.116" errors="0" timestamp="2021-10-07T16:25:50 IST" skipped="0">
  <testcase classname="TestScripts.TC_NewCreateContact" name="newCreateContact" time="61.116"/>
  <system-out/>
</testsuite> <!-- TestScripts.TC_NewCreateContact -->
