<?xml version="1.0" encoding="UTF-8"?>
<!-- Generated by org.testng.reporters.JUnitReportReporter -->
<testsuite hostname="LAPTOP-S5SENGKB" failures="0" tests="1" name="TestScripts.TC_04Contact12" time="63.658" errors="0" timestamp="2021-10-07T16:02:32 IST" skipped="0">
  <testcase classname="TestScripts.TC_04Contact12" name="createContact12" time="63.658"/>
  <system-out/>
</testsuite> <!-- TestScripts.TC_04Contact12 -->
